[0m13:52:05.118520 [debug] [MainThread]: Sending event: {'category': 'dbt', 'action': 'invocation', 'label': 'start', 'context': [<snowplow_tracker.self_describing_json.SelfDescribingJson object at 0x732fe73f1730>, <snowplow_tracker.self_describing_json.SelfDescribingJson object at 0x732fe7a05d60>, <snowplow_tracker.self_describing_json.SelfDescribingJson object at 0x732fe887c170>]}


============================== 13:52:05.124994 | 394daead-a294-498d-b77d-2fd3dbc1751e ==============================
[0m13:52:05.124994 [info ] [MainThread]: Running with dbt=1.9.0
[0m13:52:05.125452 [debug] [MainThread]: running dbt with arguments {'printer_width': '80', 'indirect_selection': 'eager', 'log_cache_events': 'False', 'write_json': 'True', 'partial_parse': 'True', 'cache_selected_only': 'False', 'warn_error': 'None', 'version_check': 'True', 'profiles_dir': '/root/.dbt', 'log_path': 'logs', 'fail_fast': 'False', 'debug': 'False', 'use_colors': 'True', 'use_experimental_parser': 'False', 'no_print': 'None', 'quiet': 'False', 'empty': 'None', 'warn_error_options': 'WarnErrorOptions(include=[], exclude=[])', 'static_parser': 'True', 'introspect': 'True', 'invocation_command': 'dbt init my_project', 'target_path': 'None', 'log_format': 'default', 'send_anonymous_usage_stats': 'True'}
[0m13:52:05.161559 [warn ] [MainThread]: [ConfigFolderDirectory]: Unable to parse logging event dictionary. Failed to parse dir field: expected string or bytes-like object, got 'PosixPath'.. Dictionary: {'dir': PosixPath('/root/.dbt')}
[0m13:52:05.162012 [info ] [MainThread]: Creating dbt configuration folder at 
[0m13:52:05.163752 [debug] [MainThread]: Starter project path: /usr/local/lib/python3.12/site-packages/dbt/include/starter_project
[0m13:52:05.165629 [info ] [MainThread]: 
Your new dbt project "my_project" was created!

For more information on how to configure the profiles.yml file,
please consult the dbt documentation here:

  https://docs.getdbt.com/docs/configure-your-profile

One more thing:

Need help? Don't hesitate to reach out to us via GitHub issues or on Slack:

  https://community.getdbt.com/

Happy modeling!

[0m13:52:05.166028 [info ] [MainThread]: Setting up your profile.
[0m13:52:36.860142 [info ] [MainThread]: Profile my_project written to /root/.dbt/profiles.yml using target's profile_template.yml and your supplied values. Run 'dbt debug' to validate the connection.
[0m13:52:36.861455 [debug] [MainThread]: Resource report: {"command_name": "init", "command_success": true, "command_wall_clock_time": 31.78642, "process_in_blocks": "0", "process_kernel_time": 0.115459, "process_mem_max_rss": "93036", "process_out_blocks": "1544", "process_user_time": 1.160571}
[0m13:52:36.862029 [debug] [MainThread]: Command `dbt init` succeeded at 13:52:36.861908 after 31.79 seconds
[0m13:52:36.862426 [debug] [MainThread]: Sending event: {'category': 'dbt', 'action': 'invocation', 'label': 'end', 'context': [<snowplow_tracker.self_describing_json.SelfDescribingJson object at 0x732fe73d3680>, <snowplow_tracker.self_describing_json.SelfDescribingJson object at 0x732fe6cdddc0>, <snowplow_tracker.self_describing_json.SelfDescribingJson object at 0x732fe6e3a030>]}
[0m13:52:36.862828 [debug] [MainThread]: Flushing usage events
[0m13:52:37.483556 [debug] [MainThread]: An error was encountered while trying to flush usage events
[0m13:52:58.048639 [debug] [MainThread]: Sending event: {'category': 'dbt', 'action': 'invocation', 'label': 'start', 'context': [<snowplow_tracker.self_describing_json.SelfDescribingJson object at 0x74c52c3a8c50>, <snowplow_tracker.self_describing_json.SelfDescribingJson object at 0x74c52b8621b0>, <snowplow_tracker.self_describing_json.SelfDescribingJson object at 0x74c52a942450>]}


============================== 13:52:58.054948 | 67fdf4be-e32d-449e-ad59-36822f0dfd5e ==============================
[0m13:52:58.054948 [info ] [MainThread]: Running with dbt=1.9.0
[0m13:52:58.055439 [debug] [MainThread]: running dbt with arguments {'printer_width': '80', 'indirect_selection': 'eager', 'write_json': 'True', 'log_cache_events': 'False', 'partial_parse': 'True', 'cache_selected_only': 'False', 'profiles_dir': '/root/.dbt', 'debug': 'False', 'fail_fast': 'False', 'log_path': 'logs', 'warn_error': 'None', 'version_check': 'True', 'use_colors': 'True', 'use_experimental_parser': 'False', 'empty': 'None', 'quiet': 'False', 'no_print': 'None', 'log_format': 'default', 'static_parser': 'True', 'warn_error_options': 'WarnErrorOptions(include=[], exclude=[])', 'invocation_command': 'dbt debug', 'target_path': 'None', 'introspect': 'True', 'send_anonymous_usage_stats': 'True'}
[0m13:52:58.094290 [info ] [MainThread]: dbt version: 1.9.0
[0m13:52:58.094647 [info ] [MainThread]: python version: 3.12.4
[0m13:52:58.094985 [info ] [MainThread]: python path: /usr/local/bin/python
[0m13:52:58.095259 [info ] [MainThread]: os info: Linux-6.8.0-84-generic-x86_64-with-glibc2.31
[0m13:52:58.095541 [info ] [MainThread]: Using profiles dir at /root/.dbt
[0m13:52:58.095796 [info ] [MainThread]: Using profiles.yml file at /root/.dbt/profiles.yml
[0m13:52:58.096029 [info ] [MainThread]: Using dbt_project.yml file at /usr/app/dbt_project.yml
[0m13:52:58.096295 [info ] [MainThread]: Configuration:
[0m13:52:58.096536 [info ] [MainThread]:   profiles.yml file [[31mERROR not found[0m]
[0m13:52:58.096766 [info ] [MainThread]:   dbt_project.yml file [[31mERROR not found[0m]
[0m13:52:58.096994 [info ] [MainThread]: Required dependencies:
[0m13:52:58.097235 [debug] [MainThread]: Executing "git --help"
[0m13:52:58.098954 [debug] [MainThread]: STDOUT: "b"usage: git [--version] [--help] [-C <path>] [-c <name>=<value>]\n           [--exec-path[=<path>]] [--html-path] [--man-path] [--info-path]\n           [-p | --paginate | -P | --no-pager] [--no-replace-objects] [--bare]\n           [--git-dir=<path>] [--work-tree=<path>] [--namespace=<name>]\n           <command> [<args>]\n\nThese are common Git commands used in various situations:\n\nstart a working area (see also: git help tutorial)\n   clone             Clone a repository into a new directory\n   init              Create an empty Git repository or reinitialize an existing one\n\nwork on the current change (see also: git help everyday)\n   add               Add file contents to the index\n   mv                Move or rename a file, a directory, or a symlink\n   restore           Restore working tree files\n   rm                Remove files from the working tree and from the index\n   sparse-checkout   Initialize and modify the sparse-checkout\n\nexamine the history and state (see also: git help revisions)\n   bisect            Use binary search to find the commit that introduced a bug\n   diff              Show changes between commits, commit and working tree, etc\n   grep              Print lines matching a pattern\n   log               Show commit logs\n   show              Show various types of objects\n   status            Show the working tree status\n\ngrow, mark and tweak your common history\n   branch            List, create, or delete branches\n   commit            Record changes to the repository\n   merge             Join two or more development histories together\n   rebase            Reapply commits on top of another base tip\n   reset             Reset current HEAD to the specified state\n   switch            Switch branches\n   tag               Create, list, delete or verify a tag object signed with GPG\n\ncollaborate (see also: git help workflows)\n   fetch             Download objects and refs from another repository\n   pull              Fetch from and integrate with another repository or a local branch\n   push              Update remote refs along with associated objects\n\n'git help -a' and 'git help -g' list available subcommands and some\nconcept guides. See 'git help <command>' or 'git help <concept>'\nto read about a specific subcommand or concept.\nSee 'git help git' for an overview of the system.\n""
[0m13:52:58.099297 [debug] [MainThread]: STDERR: "b''"
[0m13:52:58.099506 [info ] [MainThread]:  - git [[32mOK found[0m]

[0m13:52:58.099740 [info ] [MainThread]: Connection test skipped since no profile was found
[0m13:52:58.100015 [info ] [MainThread]: [31m2 checks failed:[0m
[0m13:52:58.100248 [info ] [MainThread]: dbt looked for a profiles.yml file in /root/.dbt/profiles.yml, but did
not find one. For more information on configuring your profile, consult the
documentation:

https://docs.getdbt.com/docs/configure-your-profile


[0m13:52:58.100485 [info ] [MainThread]: Project loading failed for the following reason:
 project path </usr/app/dbt_project.yml> not found

[0m13:52:58.101271 [debug] [MainThread]: Resource report: {"command_name": "debug", "command_success": false, "command_wall_clock_time": 0.09616078, "process_in_blocks": "0", "process_kernel_time": 0.121623, "process_mem_max_rss": "87668", "process_out_blocks": "1488", "process_user_time": 1.126516}
[0m13:52:58.101671 [debug] [MainThread]: Command `dbt debug` failed at 13:52:58.101581 after 0.10 seconds
[0m13:52:58.101939 [debug] [MainThread]: Sending event: {'category': 'dbt', 'action': 'invocation', 'label': 'end', 'context': [<snowplow_tracker.self_describing_json.SelfDescribingJson object at 0x74c52a6a8440>, <snowplow_tracker.self_describing_json.SelfDescribingJson object at 0x74c52a25f7a0>, <snowplow_tracker.self_describing_json.SelfDescribingJson object at 0x74c52b03f170>]}
[0m13:52:58.102244 [debug] [MainThread]: Flushing usage events
[0m13:52:58.672071 [debug] [MainThread]: An error was encountered while trying to flush usage events
[0m13:59:36.059239 [debug] [MainThread]: Sending event: {'category': 'dbt', 'action': 'invocation', 'label': 'start', 'context': [<snowplow_tracker.self_describing_json.SelfDescribingJson object at 0x7c99a43623f0>, <snowplow_tracker.self_describing_json.SelfDescribingJson object at 0x7c99a3a6d370>, <snowplow_tracker.self_describing_json.SelfDescribingJson object at 0x7c99a4360e00>]}


============================== 13:59:36.065634 | 2cb75f79-9bb9-4593-8212-bf5e020ee8db ==============================
[0m13:59:36.065634 [info ] [MainThread]: Running with dbt=1.9.0
[0m13:59:36.066161 [debug] [MainThread]: running dbt with arguments {'printer_width': '80', 'indirect_selection': 'eager', 'log_cache_events': 'False', 'write_json': 'True', 'partial_parse': 'True', 'cache_selected_only': 'False', 'warn_error': 'None', 'debug': 'False', 'fail_fast': 'False', 'log_path': 'logs', 'version_check': 'True', 'profiles_dir': '/root/.dbt', 'use_colors': 'True', 'use_experimental_parser': 'False', 'empty': 'None', 'quiet': 'False', 'no_print': 'None', 'log_format': 'default', 'static_parser': 'True', 'introspect': 'True', 'invocation_command': 'dbt init my_project', 'target_path': 'None', 'warn_error_options': 'WarnErrorOptions(include=[], exclude=[])', 'send_anonymous_usage_stats': 'True'}
[0m13:59:36.102497 [info ] [MainThread]: Creating dbt configuration folder at /root/.dbt
[0m13:59:36.104373 [debug] [MainThread]: Starter project path: /usr/local/lib/python3.12/site-packages/dbt/include/starter_project
[0m13:59:36.106258 [info ] [MainThread]: 
Your new dbt project "my_project" was created!

For more information on how to configure the profiles.yml file,
please consult the dbt documentation here:

  https://docs.getdbt.com/docs/configure-your-profile

One more thing:

Need help? Don't hesitate to reach out to us via GitHub issues or on Slack:

  https://community.getdbt.com/

Happy modeling!

[0m13:59:36.106616 [info ] [MainThread]: Setting up your profile.
[0m14:00:08.485844 [info ] [MainThread]: Profile my_project written to /root/.dbt/profiles.yml using target's profile_template.yml and your supplied values. Run 'dbt debug' to validate the connection.
[0m14:00:08.487202 [debug] [MainThread]: Resource report: {"command_name": "init", "command_success": true, "command_wall_clock_time": 32.47217, "process_in_blocks": "0", "process_kernel_time": 0.116883, "process_mem_max_rss": "92912", "process_out_blocks": "1544", "process_user_time": 1.157318}
[0m14:00:08.487816 [debug] [MainThread]: Command `dbt init` succeeded at 14:00:08.487692 after 32.47 seconds
[0m14:00:08.488221 [debug] [MainThread]: Sending event: {'category': 'dbt', 'action': 'invocation', 'label': 'end', 'context': [<snowplow_tracker.self_describing_json.SelfDescribingJson object at 0x7c99a3c29700>, <snowplow_tracker.self_describing_json.SelfDescribingJson object at 0x7c99a43cbdd0>, <snowplow_tracker.self_describing_json.SelfDescribingJson object at 0x7c99a37029f0>]}
[0m14:00:08.488651 [debug] [MainThread]: Flushing usage events
[0m14:00:09.129385 [debug] [MainThread]: An error was encountered while trying to flush usage events
[0m14:09:08.404750 [debug] [MainThread]: Sending event: {'category': 'dbt', 'action': 'invocation', 'label': 'start', 'context': [<snowplow_tracker.self_describing_json.SelfDescribingJson object at 0x722306f3df40>, <snowplow_tracker.self_describing_json.SelfDescribingJson object at 0x722305c6cf20>, <snowplow_tracker.self_describing_json.SelfDescribingJson object at 0x722305c6ce30>]}


============================== 14:09:08.411093 | 18153e8e-0e9a-40d5-a691-f7ceb0e31580 ==============================
[0m14:09:08.411093 [info ] [MainThread]: Running with dbt=1.9.0
[0m14:09:08.411543 [debug] [MainThread]: running dbt with arguments {'printer_width': '80', 'indirect_selection': 'eager', 'write_json': 'True', 'log_cache_events': 'False', 'partial_parse': 'True', 'cache_selected_only': 'False', 'warn_error': 'None', 'debug': 'False', 'profiles_dir': '/root/.dbt', 'log_path': 'logs', 'version_check': 'True', 'fail_fast': 'False', 'use_colors': 'True', 'use_experimental_parser': 'False', 'empty': 'None', 'quiet': 'False', 'no_print': 'None', 'log_format': 'default', 'static_parser': 'True', 'invocation_command': 'dbt init my_project', 'warn_error_options': 'WarnErrorOptions(include=[], exclude=[])', 'target_path': 'None', 'introspect': 'True', 'send_anonymous_usage_stats': 'True'}
[0m14:09:08.449440 [warn ] [MainThread]: [ConfigFolderDirectory]: Unable to parse logging event dictionary. Failed to parse dir field: expected string or bytes-like object, got 'PosixPath'.. Dictionary: {'dir': PosixPath('/root/.dbt')}
[0m14:09:08.449899 [info ] [MainThread]: Creating dbt configuration folder at 
[0m14:09:08.451680 [info ] [MainThread]: A project called my_project already exists here.
[0m14:09:08.452445 [debug] [MainThread]: Resource report: {"command_name": "init", "command_success": true, "command_wall_clock_time": 0.091364786, "process_in_blocks": "0", "process_kernel_time": 0.119498, "process_mem_max_rss": "87552", "process_out_blocks": "1472", "process_user_time": 1.13524}
[0m14:09:08.452845 [debug] [MainThread]: Command `dbt init` succeeded at 14:09:08.452756 after 0.09 seconds
[0m14:09:08.453118 [debug] [MainThread]: Sending event: {'category': 'dbt', 'action': 'invocation', 'label': 'end', 'context': [<snowplow_tracker.self_describing_json.SelfDescribingJson object at 0x722305c6e3f0>, <snowplow_tracker.self_describing_json.SelfDescribingJson object at 0x722305d355e0>, <snowplow_tracker.self_describing_json.SelfDescribingJson object at 0x7223057db260>]}
[0m14:09:08.453421 [debug] [MainThread]: Flushing usage events
[0m14:09:09.113684 [debug] [MainThread]: An error was encountered while trying to flush usage events
[0m14:10:28.564324 [debug] [MainThread]: Sending event: {'category': 'dbt', 'action': 'invocation', 'label': 'start', 'context': [<snowplow_tracker.self_describing_json.SelfDescribingJson object at 0x76d879258bf0>, <snowplow_tracker.self_describing_json.SelfDescribingJson object at 0x76d879163e60>, <snowplow_tracker.self_describing_json.SelfDescribingJson object at 0x76d878f0f7a0>]}


============================== 14:10:28.570518 | f689cd69-e61e-4c5c-9a97-05552582fee4 ==============================
[0m14:10:28.570518 [info ] [MainThread]: Running with dbt=1.9.0
[0m14:10:28.571006 [debug] [MainThread]: running dbt with arguments {'printer_width': '80', 'indirect_selection': 'eager', 'write_json': 'True', 'log_cache_events': 'False', 'partial_parse': 'True', 'cache_selected_only': 'False', 'warn_error': 'None', 'debug': 'False', 'version_check': 'True', 'log_path': 'logs', 'profiles_dir': '/root/.dbt', 'fail_fast': 'False', 'use_colors': 'True', 'use_experimental_parser': 'False', 'no_print': 'None', 'quiet': 'False', 'empty': 'None', 'warn_error_options': 'WarnErrorOptions(include=[], exclude=[])', 'introspect': 'True', 'log_format': 'default', 'static_parser': 'True', 'target_path': 'None', 'invocation_command': 'dbt init my_project', 'send_anonymous_usage_stats': 'True'}
[0m14:10:28.606849 [warn ] [MainThread]: [ConfigFolderDirectory]: Unable to parse logging event dictionary. Failed to parse dir field: expected string or bytes-like object, got 'PosixPath'.. Dictionary: {'dir': PosixPath('/root/.dbt')}
[0m14:10:28.607308 [info ] [MainThread]: Creating dbt configuration folder at 
[0m14:10:28.609428 [info ] [MainThread]: A project called my_project already exists here.
[0m14:10:28.610205 [debug] [MainThread]: Resource report: {"command_name": "init", "command_success": true, "command_wall_clock_time": 0.0895139, "process_in_blocks": "0", "process_kernel_time": 0.117762, "process_mem_max_rss": "87276", "process_out_blocks": "1480", "process_user_time": 1.114748}
[0m14:10:28.610622 [debug] [MainThread]: Command `dbt init` succeeded at 14:10:28.610530 after 0.09 seconds
[0m14:10:28.610886 [debug] [MainThread]: Sending event: {'category': 'dbt', 'action': 'invocation', 'label': 'end', 'context': [<snowplow_tracker.self_describing_json.SelfDescribingJson object at 0x76d878ae9f10>, <snowplow_tracker.self_describing_json.SelfDescribingJson object at 0x76d878aea2a0>, <snowplow_tracker.self_describing_json.SelfDescribingJson object at 0x76d878b413d0>]}
[0m14:10:28.611196 [debug] [MainThread]: Flushing usage events
[0m14:10:29.274958 [debug] [MainThread]: An error was encountered while trying to flush usage events
[0m14:22:14.927099 [debug] [MainThread]: Sending event: {'category': 'dbt', 'action': 'invocation', 'label': 'start', 'context': [<snowplow_tracker.self_describing_json.SelfDescribingJson object at 0x7764c46fb350>, <snowplow_tracker.self_describing_json.SelfDescribingJson object at 0x7764c44cade0>, <snowplow_tracker.self_describing_json.SelfDescribingJson object at 0x7764c4d3d130>]}


============================== 14:22:14.933569 | db497a07-588e-46e3-b6ff-612f639c347a ==============================
[0m14:22:14.933569 [info ] [MainThread]: Running with dbt=1.9.0
[0m14:22:14.934071 [debug] [MainThread]: running dbt with arguments {'printer_width': '80', 'indirect_selection': 'eager', 'write_json': 'True', 'log_cache_events': 'False', 'partial_parse': 'True', 'cache_selected_only': 'False', 'warn_error': 'None', 'debug': 'False', 'fail_fast': 'False', 'log_path': 'logs', 'profiles_dir': '/root/.dbt', 'version_check': 'True', 'use_colors': 'True', 'use_experimental_parser': 'False', 'no_print': 'None', 'quiet': 'False', 'empty': 'None', 'log_format': 'default', 'introspect': 'True', 'warn_error_options': 'WarnErrorOptions(include=[], exclude=[])', 'invocation_command': 'dbt init my_project', 'target_path': 'None', 'static_parser': 'True', 'send_anonymous_usage_stats': 'True'}
[0m14:22:14.971970 [warn ] [MainThread]: [ConfigFolderDirectory]: Unable to parse logging event dictionary. Failed to parse dir field: expected string or bytes-like object, got 'PosixPath'.. Dictionary: {'dir': PosixPath('/root/.dbt')}
[0m14:22:14.972456 [info ] [MainThread]: Creating dbt configuration folder at 
[0m14:22:14.974424 [debug] [MainThread]: Starter project path: /usr/local/lib/python3.12/site-packages/dbt/include/starter_project
[0m14:22:14.976402 [info ] [MainThread]: 
Your new dbt project "my_project" was created!

For more information on how to configure the profiles.yml file,
please consult the dbt documentation here:

  https://docs.getdbt.com/docs/configure-your-profile

One more thing:

Need help? Don't hesitate to reach out to us via GitHub issues or on Slack:

  https://community.getdbt.com/

Happy modeling!

[0m14:22:14.976769 [info ] [MainThread]: Setting up your profile.
[0m14:23:03.415001 [info ] [MainThread]: Profile my_project written to /root/.dbt/profiles.yml using target's profile_template.yml and your supplied values. Run 'dbt debug' to validate the connection.
[0m14:23:03.416188 [debug] [MainThread]: Resource report: {"command_name": "init", "command_success": true, "command_wall_clock_time": 48.533817, "process_in_blocks": "0", "process_kernel_time": 0.146287, "process_mem_max_rss": "93156", "process_out_blocks": "1552", "process_user_time": 1.159249}
[0m14:23:03.416691 [debug] [MainThread]: Command `dbt init` succeeded at 14:23:03.416581 after 48.53 seconds
[0m14:23:03.417004 [debug] [MainThread]: Sending event: {'category': 'dbt', 'action': 'invocation', 'label': 'end', 'context': [<snowplow_tracker.self_describing_json.SelfDescribingJson object at 0x7764c6134350>, <snowplow_tracker.self_describing_json.SelfDescribingJson object at 0x7764c423eed0>, <snowplow_tracker.self_describing_json.SelfDescribingJson object at 0x7764c42711c0>]}
[0m14:23:03.417377 [debug] [MainThread]: Flushing usage events
[0m14:23:04.088337 [debug] [MainThread]: An error was encountered while trying to flush usage events
